[Licensing::Module] Trying to connect to existing licensing client channel...
Built from '6000.4/staging' branch; Version is '6000.4.11f1 (b0a1d6caadd2) revision 11575766'; Using compiler version '194234433'; Build Type 'Release'
OS: 'Windows 11  (10.0.28020) Professional' Language: 'ru' Physical Memory: 32546 MB
BatchMode: 1, IsHumanControllingUs: 0, StartBugReporterOnCrash: 0, Is64bit: 1
[Licensing::IpcConnector] Successfully connected to: "LicenseClient-RobotComp" at "2026-07-10T03:08:06.2787326Z"
System  architecture: x64
Process architecture: x64
Date: 2026-07-10T03:08:06Z

COMMAND LINE ARGUMENTS:
C:\Program Files\Unity\Hub\Editor\6000.4.11f1\Editor\Unity.exe
-adb2
-batchMode
-noUpm
-name
AssetImportWorker2
-projectPath
C:/Users/RobotComp/Documents/GitHub/GSTOP/kubby_copy
-logFile
Logs/AssetImportWorker2.log
-srvPort
56971
-licensingIpc
LicenseClient-RobotComp
-force-d3d12
-job-worker-count
7
-background-job-worker-count
8
-gc-helper-count
1
-name
AssetImport
Successfully changed project path to: C:/Users/RobotComp/Documents/GitHub/GSTOP/kubby_copy
C:/Users/RobotComp/Documents/GitHub/GSTOP/kubby_copy
[UnityMemory] Configuration Parameters - Can be set up in boot.config
    "memorysetup-temp-allocator-size-gi-baking-worker=262144"
    "memorysetup-temp-allocator-size-gi-baking-worker=262144"
    "memorysetup-temp-allocator-size-gi-baking-worker=262144"
    "memorysetup-temp-allocator-size-gi-baking-worker=262144"
    "memorysetup-temp-allocator-size-gi-baking-worker=262144"
    "memorysetup-temp-allocator-size-nav-mesh-worker=65536"
    "memorysetup-temp-allocator-size-audio-worker=65536"
    "memorysetup-temp-allocator-size-cloud-worker=32768"
    "memorysetup-temp-allocator-size-gfx=262144"
    "memorysetup-temp-allocator-size-preload-manager=33554432"
    "memorysetup-temp-allocator-size-job-worker=262144"
    "memorysetup-temp-allocator-size-background-worker=32768"
    "memorysetup-allocator-temp-initial-block-size-main=262144"
    "memorysetup-allocator-temp-initial-block-size-worker=262144"
    "memorysetup-bucket-allocator-granularity=16"
    "memorysetup-bucket-allocator-bucket-count=8"
    "memorysetup-bucket-allocator-block-size=33554432"
    "memorysetup-bucket-allocator-block-count=8"
    "memorysetup-main-allocator-block-size=16777216"
    "memorysetup-thread-allocator-block-size=16777216"
    "memorysetup-gfx-main-allocator-block-size=16777216"
    "memorysetup-gfx-thread-allocator-block-size=16777216"
    "memorysetup-cache-allocator-block-size=4194304"
    "memorysetup-typetree-allocator-block-size=2097152"
    "memorysetup-profiler-bucket-allocator-granularity=16"
    "memorysetup-profiler-bucket-allocator-bucket-count=8"
    "memorysetup-profiler-bucket-allocator-block-size=33554432"
    "memorysetup-profiler-bucket-allocator-block-count=8"
    "memorysetup-profiler-allocator-block-size=16777216"
    "memorysetup-profiler-editor-allocator-block-size=1048576"
    "memorysetup-temp-allocator-size-main=16777216"
    "memorysetup-job-temp-allocator-block-size=2097152"
    "memorysetup-job-temp-allocator-block-size-background=1048576"
    "memorysetup-job-temp-allocator-reduction-small-platforms=262144"
Player connection [18956]  Target information:

Player connection [18956]  * "[IP] 192.168.1.132 [Port] 0 [Flags] 2 [Guid] 1330390120 [EditorId] 1330390120 [Version] 1048832 [Id] WindowsEditor(7,DESKTOP-1EE1CPP) [Debug] 1 [PackageName] WindowsEditor [ProjectName] Editor" 

Player connection [18956]  * "[IP] 26.130.159.199 [Port] 0 [Flags] 2 [Guid] 1330390120 [EditorId] 1330390120 [Version] 1048832 [Id] WindowsEditor(7,DESKTOP-1EE1CPP) [Debug] 1 [PackageName] WindowsEditor [ProjectName] Editor" 

Player connection [18956]  * "[IP] 169.254.102.220 [Port] 0 [Flags] 2 [Guid] 1330390120 [EditorId] 1330390120 [Version] 1048832 [Id] WindowsEditor(7,DESKTOP-1EE1CPP) [Debug] 1 [PackageName] WindowsEditor [ProjectName] Editor" 

Player connection [18956]  * "[IP] 192.168.187.1 [Port] 0 [Flags] 2 [Guid] 1330390120 [EditorId] 1330390120 [Version] 1048832 [Id] WindowsEditor(7,DESKTOP-1EE1CPP) [Debug] 1 [PackageName] WindowsEditor [ProjectName] Editor" 

Player connection [18956]  * "[IP] 192.168.202.1 [Port] 0 [Flags] 2 [Guid] 1330390120 [EditorId] 1330390120 [Version] 1048832 [Id] WindowsEditor(7,DESKTOP-1EE1CPP) [Debug] 1 [PackageName] WindowsEditor [ProjectName] Editor" 

Player connection [18956]  * "[IP] 172.31.48.1 [Port] 0 [Flags] 2 [Guid] 1330390120 [EditorId] 1330390120 [Version] 1048832 [Id] WindowsEditor(7,DESKTOP-1EE1CPP) [Debug] 1 [PackageName] WindowsEditor [ProjectName] Editor" 

Player connection [18956]  * "[IP] 172.18.0.1 [Port] 0 [Flags] 2 [Guid] 1330390120 [EditorId] 1330390120 [Version] 1048832 [Id] WindowsEditor(7,DESKTOP-1EE1CPP) [Debug] 1 [PackageName] WindowsEditor [ProjectName] Editor" 

Player connection [18956] Host joined multi-casting on [225.0.0.222:54997]...
Player connection [18956] Host joined alternative multi-casting on [225.0.0.222:34997]...
JobSystem: Creating JobQueue using job-worker-count value 7
Input System module state changed to: Initialized.
[Physics::Module] Initialized fallback backend.
[Physics::Module] Id: 0xdecafbad
Library Redirect Path: Library/
[Physics::Module] Selected backend.
[Physics::Module] Name: PhysX
[Physics::Module] Id: 0xf2b8ea05
[Physics::Module] SDK Version: 4.1.2
[Physics::Module] Integration Version: 1.0.0
[Physics::Module] Threading Mode: Multi-Threaded
Initialize engine version: 6000.4.11f1 (b0a1d6caadd2)
[Subsystems] Discovering subsystems at path C:/Program Files/Unity/Hub/Editor/6000.4.11f1/Editor/Data/Resources/UnitySubsystems
[Subsystems] Discovering subsystems at path C:/Users/RobotComp/Documents/GitHub/GSTOP/kubby_copy/Assets
Forcing GfxDevice: Direct3D 12
GfxDevice: creating device client; kGfxThreadingModeNonThreaded
d3d12: failed to query info queue interface (0x80004002).
Direct3D:
    Version:         Direct3D 12 [level 12.2]
    Renderer:        NVIDIA GeForce RTX 5060 (ID=0x2d05)
    Vendor:          NVIDIA
    VRAM:            7896 MB
    App VRAM Budget: 7128 MB
    Driver:          32.0.15.9649
Initialize mono
Mono path[0] = 'C:/Program Files/Unity/Hub/Editor/6000.4.11f1/Editor/Data/Managed'
Mono path[1] = 'C:/Program Files/Unity/Hub/Editor/6000.4.11f1/Editor/Data/MonoBleedingEdge/lib/mono/unityjit-win32'
Mono config path = 'C:/Program Files/Unity/Hub/Editor/6000.4.11f1/Editor/Data/MonoBleedingEdge/etc'
Using monoOptions --debugger-agent=transport=dt_socket,embedding=1,server=y,suspend=n,address=127.0.0.1:56628
CodeReloadManager initialized
Begin MonoManager ReloadAssembly
Registering precompiled unity dll's ...
Register platform support module: C:/Program Files/Unity/Hub/Editor/6000.4.11f1/Editor/Data/PlaybackEngines/WebGLSupport/UnityEditor.WebGL.Extensions.dll
Register platform support module: C:/Program Files/Unity/Hub/Editor/6000.4.11f1/Editor/Data/PlaybackEngines/MacStandaloneSupport/UnityEditor.OSXStandalone.Extensions.dll
Register platform support module: C:/Program Files/Unity/Hub/Editor/6000.4.11f1/Editor/Data/PlaybackEngines/WindowsStandaloneSupport/UnityEditor.WindowsStandalone.Extensions.dll
[Licensing::Module] Licensing is not yet initialized.
[Licensing::Client] Error: HandshakeResponse reported an error:
	ResponseCode: 505
	ResponseStatus: Unsupported protocol version '1.18.1'.
[Licensing::Module] Error: Failed to handshake to channel: "LicenseClient-RobotComp"
[Licensing::IpcConnector] LicenseClient-RobotComp channel disconnected successfully.
[Licensing::IpcConnector] Successfully connected to: "LicenseClient-RobotComp-6000.4.11" at "2026-07-10T03:08:08.0145185Z"
[Licensing::Client] Code 10 while verifying Licensing Client signature (process Id: 16228, path: "C:/Program Files/Unity/Hub/Editor/6000.4.11f1/Editor/Data/Resources/Licensing/Client/Unity.Licensing.Client.exe")
[Licensing::Module] LicensingClient has failed validation; ignoring
[Licensing::Client] Handshaking with LicensingClient:
  Version:                 1.18.1+9fbee8e
  Session Id:              04555d1f0e414b4e88339048a4f805e6
  Correlation Id:          0a749850f0f132b11a4c09afca2c5109
  External correlation Id: 1692597612095354085
  Machine Id:              VGR0vGCEZQYWd+v8fDEQH64AY8c=
[Licensing::Module] Successfully connected to LicensingClient on channel: "LicenseClient-RobotComp-6000.4.11" (connect: 0.00s, validation: 0.00s, handshake: 0.01s)
[Licensing::IpcConnector] Successfully connected to: "LicenseClient-RobotComp-6000.4.11-notifications" at "2026-07-10T03:08:08.0251323Z"
[Licensing::Module] Licensing Background thread has ended after 1.75s
[Licensing::Module] Licensing is initialized (took 1.02s).
[Licensing::Client] Successfully resolved entitlement details
[Licensing::Module] License group:
  Id: 10171545388213-UnityPersXXXX
  Product: Unity Personal
  Type: Assigned
  Expiration: Unlimited
Register platform support module: C:/Program Files/Unity/Hub/Editor/6000.4.11f1/Editor/Data/PlaybackEngines/MetroSupport/UnityEditor.UWP.Extensions.dll
[Licensing::Client] Successfully resolved entitlement details
Register platform support module: C:/Program Files/Unity/Hub/Editor/6000.4.11f1/Editor/Data/PlaybackEngines/AndroidPlayer/UnityEditor.Android.Extensions.dll
Register platform support module: C:/Program Files/Unity/Hub/Editor/6000.4.11f1/Editor/Data/PlaybackEngines/LinuxStandaloneSupport/UnityEditor.LinuxStandalone.Extensions.dll
Registered in 1.023695 seconds.
Native extension for LinuxStandalone target not found
Native extension for Android target not found
Native extension for UWP target not found
Native extension for WindowsStandalone target not found
Native extension for OSXStandalone target not found
Native extension for WebGL target not found
Package Manager log level set to [2]
[Package Manager] Failed to launch server process. Reason: Unity was launched with the -noUpm command-line argument
[Package Manager] Unable to send message (not connected to server process).
[Package Manager] Cannot connect to Unity Package Manager local server
[Package Manager] Failed to launch server process. Reason: Unity was launched with the -noUpm command-line argument
[Package Manager] Unable to send message (not connected to server process).
[Package Manager] Cannot connect to Unity Package Manager local server
ScheduleIndexationOnStartup MainProcess:False IndexOnStartup:True
Mono: successfully reloaded assembly
- Finished resetting the current domain, in  0.360 seconds
Domain Reload Profiling: 1786ms
	BeginReloadAssembly (109ms)
	RebuildCommonClasses (33ms)
	RebuildNativeTypeToScriptingClass (11ms)
	initialDomainReloadingComplete (1076ms)
	LoadAllAssembliesAndSetupDomain (196ms)
		LoadAssemblies (106ms)
		AnalyzeDomain (187ms)
			TypeCache.Refresh (186ms)
				TypeCache.ScanAssembly (172ms)
	FinalizeReload (361ms)
		SetupLoadedEditorAssemblies (0ms)
			InitializePlatformSupportModulesInManaged (85ms)
			BeforeProcessingInitializeOnLoad (71ms)
			ProcessInitializeOnLoadAttributes (98ms)
			ProcessInitializeOnLoadMethodAttributes (49ms)
Assembly reference Packages/com.unity.cinemachine/Editor/Samples/ExposeHDRPInternals/HDRP-Editor-ref.asmref has no target assembly definition
========================================================================
Worker process is ready to serve import requests
Import Worker Mode flag is 0x00
Assembly reference Packages/com.unity.cinemachine/Editor/Samples/ExposeHDRPInternals/HDRP-Editor-ref.asmref has no target assembly definition
Assembly reference Packages/com.unity.cinemachine/Editor/Samples/ExposeHDRPInternals/HDRP-Editor-ref.asmref has no target assembly definition
Begin MonoManager ReloadAssembly
[Licensing::Client] Successfully resolved entitlement details
Assembly Assembly-CSharp-Editor-firstpass.dll at Library/ScriptAssemblies/Assembly-CSharp-Editor-firstpass.dll not valid. Loading of assembly skipped.
Assembly Assembly-CSharp-Editor.dll at Library/ScriptAssemblies/Assembly-CSharp-Editor.dll not valid. Loading of assembly skipped.
Assembly Assembly-CSharp-firstpass.dll at Library/ScriptAssemblies/Assembly-CSharp-firstpass.dll not valid. Loading of assembly skipped.
Assembly Unity.InputSystem.IntegrationTests.dll at Library/ScriptAssemblies/Unity.InputSystem.IntegrationTests.dll not valid. Loading of assembly skipped.
Assembly Unity.InputSystem.TestFramework.dll at Library/ScriptAssemblies/Unity.InputSystem.TestFramework.dll not valid. Loading of assembly skipped.
Assembly Unity.Mathematics.Tests.dll at Library/ScriptAssemblies/Unity.Mathematics.Tests.dll not valid. Loading of assembly skipped.
Assembly Unity.Multiplayer.Center.Editor.Tests.dll at Library/ScriptAssemblies/Unity.Multiplayer.Center.Editor.Tests.dll not valid. Loading of assembly skipped.
Assembly Unity.Multiplayer.Center.Tests.dll at Library/ScriptAssemblies/Unity.Multiplayer.Center.Tests.dll not valid. Loading of assembly skipped.
Assembly Unity.Settings.Tests.dll at Library/ScriptAssemblies/Unity.Settings.Tests.dll not valid. Loading of assembly skipped.
Assembly Unity.TextMeshPro.Editor.Tests.dll at Library/ScriptAssemblies/Unity.TextMeshPro.Editor.Tests.dll not valid. Loading of assembly skipped.
Assembly Unity.TextMeshPro.Tests.dll at Library/ScriptAssemblies/Unity.TextMeshPro.Tests.dll not valid. Loading of assembly skipped.
Assembly UnityEditor.UI.Common.Tests.dll at Library/ScriptAssemblies/UnityEditor.UI.Common.Tests.dll not valid. Loading of assembly skipped.
Assembly UnityEditor.UI.EditorTests.dll at Library/ScriptAssemblies/UnityEditor.UI.EditorTests.dll not valid. Loading of assembly skipped.
Assembly UnityEngine.UI.Tests.dll at Library/ScriptAssemblies/UnityEngine.UI.Tests.dll not valid. Loading of assembly skipped.
Assembly reference Packages/com.unity.cinemachine/Editor/Samples/ExposeHDRPInternals/HDRP-Editor-ref.asmref has no target assembly definition
Script 'Tree' has the same name as built-in Unity component.
AddComponent and GetComponent will not work with this script.
'Packages/com.unity.cinemachine/Editor/Obsolete/CinemachineVirtualCameraBaseEditor.cs' contains partial class of Unity.Object, exactly 1 of the partial classes needs to be in a file with the same filename. This is to know the one that can be referenced from ie. GameObjects
'Packages/com.unity.cinemachine/Editor/Editors/CinemachineVirtualCameraBaseEditor.cs' contains partial class of Unity.Object, exactly 1 of the partial classes needs to be in a file with the same filename. This is to know the one that can be referenced from ie. GameObjects
Native extension for LinuxStandalone target not found
Native extension for Android target not found
Native extension for UWP target not found
Native extension for WindowsStandalone target not found
Native extension for OSXStandalone target not found
Native extension for WebGL target not found
Assembly reference Packages/com.unity.cinemachine/Editor/Samples/ExposeHDRPInternals/HDRP-Editor-ref.asmref has no target assembly definition
[Package Manager] Failed to launch server process. Reason: Unity was launched with the -noUpm command-line argument
[Package Manager] Unable to send message (not connected to server process).
[Package Manager] Cannot connect to Unity Package Manager local server
[Package Manager] Failed to launch server process. Reason: Unity was launched with the -noUpm command-line argument
[Package Manager] Unable to send message (not connected to server process).
[Package Manager] Cannot connect to Unity Package Manager local server
ScheduleIndexationOnStartup MainProcess:False IndexOnStartup:True
Mono: successfully reloaded assembly
- Finished resetting the current domain, in  0.415 seconds
Domain Reload Profiling: 707ms
	BeginReloadAssembly (156ms)
		DisableScriptedObjects (6ms)
		CreateAndSetChildDomain (25ms)
	RebuildCommonClasses (32ms)
	RebuildNativeTypeToScriptingClass (9ms)
	initialDomainReloadingComplete (33ms)
	LoadAllAssembliesAndSetupDomain (62ms)
		LoadAssemblies (94ms)
		AnalyzeDomain (48ms)
			TypeCache.Refresh (34ms)
				TypeCache.ScanAssembly (27ms)
			BuildScriptInfoCaches (8ms)
			ResolveRequiredComponents (5ms)
	FinalizeReload (415ms)
		SetupLoadedEditorAssemblies (0ms)
			InitializePlatformSupportModulesInManaged (18ms)
			BeforeProcessingInitializeOnLoad (94ms)
			ProcessInitializeOnLoadAttributes (142ms)
			ProcessInitializeOnLoadMethodAttributes (36ms)
			AfterProcessingInitializeOnLoad (6ms)
		AwakeInstancesAfterBackupRestoration (5ms)
Launched and connected shader compiler UnityShaderCompiler.exe after 0.01 seconds
Unloading 1 Unused Serialized files (Serialized files now loaded: 0)
Unloading 1583 unused Assets / (0.7 MB). Loaded Objects now: 2221.
Memory consumption went from 79.9 MB to 79.2 MB.
Total: 4.111200 ms (FindLiveObjects: 0.151300 ms CreateObjectMapping: 0.059800 ms MarkObjects: 3.396500 ms  DeleteObjects: 0.501800 ms)

========================================================================
Received Import Request.
  Time since last request: 2177.178423 seconds.
  path: Assets/Textures/Test/tut/Без названия414_20260508202051.png
  importAddress: Guid(417f709b0cfc05e46a52dec39e8f43ed) Importer(815301076,1909f56bfc062723c751e8b465ee728b)
Start importing Assets/Textures/Test/tut/Без названия414_20260508202051.png using Guid(417f709b0cfc05e46a52dec39e8f43ed) Importer(815301076,1909f56bfc062723c751e8b465ee728b) (PreviewImporter) -> (Import Result ID: 'a0f2060c0bbd8f2448f6d52bbf39f574') in 0.1212488 seconds [static and dynamic dependencies]. Details - ImportResultOutputID=12840f99fd41bc9baea1afb9f65a9a87 DependenciesID=2e38aad0b3b60690bea05c2d089d531d StaticDependenciesID=f87daa659d1759f9477fb13bd7ee479d 
Number of updated asset objects reloaded before import = 0Number of asset objects unloaded after import = 3

========================================================================
Received Import Request.
  Time since last request: 0.000041 seconds.
  path: Assets/Textures/Test/tut/Без названия424_20260508204237.png
  importAddress: Guid(8c77d64122ed3d64d817dc6d6429d353) Importer(815301076,1909f56bfc062723c751e8b465ee728b)
Start importing Assets/Textures/Test/tut/Без названия424_20260508204237.png using Guid(8c77d64122ed3d64d817dc6d6429d353) Importer(815301076,1909f56bfc062723c751e8b465ee728b) (PreviewImporter) -> (Import Result ID: 'ae39ebfb6aa254bdc59878266d65cde9') in 0.0103152 seconds [static and dynamic dependencies]. Details - ImportResultOutputID=26cf10dd6d96fb170172e0d2479c7051 DependenciesID=be074e2a5021b32fb4f7fd5c19b27868 StaticDependenciesID=4019974de28d91869d5ed8aebbd8f56a 
Number of updated asset objects reloaded before import = 0Number of asset objects unloaded after import = 3

========================================================================
Received Import Request.
  Time since last request: 1.009487 seconds.
  path: Assets/Textures/Test/tut/Без названия1087_20260509002633.png
  importAddress: Guid(bc7d586d8a705944fb81ecaad67d870a) Importer(815301076,1909f56bfc062723c751e8b465ee728b)
Start importing Assets/Textures/Test/tut/Без названия1087_20260509002633.png using Guid(bc7d586d8a705944fb81ecaad67d870a) Importer(815301076,1909f56bfc062723c751e8b465ee728b) (PreviewImporter) -> (Import Result ID: '5d73486cb5778f6872e64d2896c568ab') in 0.043947 seconds [static and dynamic dependencies]. Details - ImportResultOutputID=2f43a9101b4bcc56fcc80a55c4217e9f DependenciesID=fd7830d0b4b54446ff6200b7db98ced0 StaticDependenciesID=15dcd3a03ad96c15dabffab89ef98221 
Number of updated asset objects reloaded before import = 0Number of asset objects unloaded after import = 3

========================================================================
Received Import Request.
  Time since last request: 0.000029 seconds.
  path: Assets/Textures/Test/tut/Без названия1087_20260509003024.png
  importAddress: Guid(4fa41d4e24003ef4e91fc1baf0d20fb3) Importer(815301076,1909f56bfc062723c751e8b465ee728b)
Start importing Assets/Textures/Test/tut/Без названия1087_20260509003024.png using Guid(4fa41d4e24003ef4e91fc1baf0d20fb3) Importer(815301076,1909f56bfc062723c751e8b465ee728b) (PreviewImporter) -> (Import Result ID: 'ec2ac49e9a7cb25234b1641ce561023c') in 0.0186314 seconds [static and dynamic dependencies]. Details - ImportResultOutputID=602fb62e010cbae694312964a8edd724 DependenciesID=b530298cc891d1dbddc94564561b2b1d StaticDependenciesID=298b438186f5e875eb63680c1b48138e 
Number of updated asset objects reloaded before import = 0Number of asset objects unloaded after import = 3

Editor requested this worker to shutdown with reason: Scaling down because of idle timeout
AssetImportWorkerClient::OnTransportError - code=2 error=End of file
AssetImportWorker is now disconnected from the server
Process exiting
Exiting without the bug reporter. Application will terminate with return code 0